<?xml version="1.0" encoding="UTF-8"?>
<!-- Generated by org.testng.reporters.JUnitXMLReporter -->
<testsuite ignored="0" hostname="OmSriSaiRam" failures="0" tests="3" name="Default test" time="19.974" errors="0" timestamp="2024-09-14T12:31:44 IST">
  <testcase classname="tests.LoginTest" name="loginWithValidDetails" time="1.952"/>
  <testcase classname="tests.LoginTest" name="loginWithValidDetails" time="1.763"/>
  <testcase classname="tests.LoginTest" name="loginWithValidDetails" time="1.787"/>
</testsuite> <!-- Default test -->
