<?xml version="1.0" encoding="UTF-8"?>
<testng-results ignored="0" total="3" passed="3" failed="0" skipped="0">
  <reporter-output>
  </reporter-output>
  <suite started-at="2024-09-14T12:31:24 IST" name="Default suite" finished-at="2024-09-14T12:31:44 IST" duration-ms="19974">
    <groups>
    </groups>
    <test started-at="2024-09-14T12:31:24 IST" name="Default test" finished-at="2024-09-14T12:31:44 IST" duration-ms="19974">
      <class name="tests.LoginTest">
        <test-method is-config="true" signature="setUp()[pri:0, instance:tests.LoginTest@645aa696]" started-at="2024-09-14T12:31:25 IST" name="setUp" finished-at="2024-09-14T12:31:29 IST" duration-ms="4468" status="PASS">
          <reporter-output>
          </reporter-output>
        </test-method> <!-- setUp -->
        <test-method signature="loginWithValidDetails(java.util.HashMap)[pri:0, instance:tests.LoginTest@645aa696]" started-at="2024-09-14T12:31:29 IST" name="loginWithValidDetails" data-provider="dataSupplier" finished-at="2024-09-14T12:31:31 IST" duration-ms="1952" status="PASS">
          <params>
            <param index="0">
              <value>
                <![CDATA[{password=FirstPassword@123, email=first_account@gmail.com}]]>
              </value>
            </param>
          </params>
          <reporter-output>
          </reporter-output>
        </test-method> <!-- loginWithValidDetails -->
        <test-method is-config="true" signature="tearDown()[pri:0, instance:tests.LoginTest@645aa696]" started-at="2024-09-14T12:31:31 IST" name="tearDown" finished-at="2024-09-14T12:31:31 IST" duration-ms="192" status="PASS">
          <reporter-output>
          </reporter-output>
        </test-method> <!-- tearDown -->
        <test-method is-config="true" signature="setUp()[pri:0, instance:tests.LoginTest@645aa696]" started-at="2024-09-14T12:31:31 IST" name="setUp" finished-at="2024-09-14T12:31:35 IST" duration-ms="3831" status="PASS">
          <reporter-output>
          </reporter-output>
        </test-method> <!-- setUp -->
        <test-method signature="loginWithValidDetails(java.util.HashMap)[pri:0, instance:tests.LoginTest@645aa696]" started-at="2024-09-14T12:31:35 IST" name="loginWithValidDetails" data-provider="dataSupplier" finished-at="2024-09-14T12:31:37 IST" duration-ms="1763" status="PASS">
          <params>
            <param index="0">
              <value>
                <![CDATA[{password=SecondPassword@123, email=second_account@gmail.com}]]>
              </value>
            </param>
          </params>
          <reporter-output>
          </reporter-output>
        </test-method> <!-- loginWithValidDetails -->
        <test-method is-config="true" signature="tearDown()[pri:0, instance:tests.LoginTest@645aa696]" started-at="2024-09-14T12:31:37 IST" name="tearDown" finished-at="2024-09-14T12:31:37 IST" duration-ms="165" status="PASS">
          <reporter-output>
          </reporter-output>
        </test-method> <!-- tearDown -->
        <test-method is-config="true" signature="setUp()[pri:0, instance:tests.LoginTest@645aa696]" started-at="2024-09-14T12:31:37 IST" name="setUp" finished-at="2024-09-14T12:31:42 IST" duration-ms="5177" status="PASS">
          <reporter-output>
          </reporter-output>
        </test-method> <!-- setUp -->
        <test-method signature="loginWithValidDetails(java.util.HashMap)[pri:0, instance:tests.LoginTest@645aa696]" started-at="2024-09-14T12:31:42 IST" name="loginWithValidDetails" data-provider="dataSupplier" finished-at="2024-09-14T12:31:44 IST" duration-ms="1787" status="PASS">
          <params>
            <param index="0">
              <value>
                <![CDATA[{password=ThirdPassword@123, email=third_account@gmail.com}]]>
              </value>
            </param>
          </params>
          <reporter-output>
          </reporter-output>
        </test-method> <!-- loginWithValidDetails -->
        <test-method is-config="true" signature="tearDown()[pri:0, instance:tests.LoginTest@645aa696]" started-at="2024-09-14T12:31:44 IST" name="tearDown" finished-at="2024-09-14T12:31:44 IST" duration-ms="158" status="PASS">
          <reporter-output>
          </reporter-output>
        </test-method> <!-- tearDown -->
      </class> <!-- tests.LoginTest -->
    </test> <!-- Default test -->
  </suite> <!-- Default suite -->
</testng-results>
